c:\users\bifen\downloads\original\modskls15 skeleton\release\vc141.pdb
c:\users\bifen\downloads\original\modskls15 skeleton\release\sample.obj
c:\users\bifen\downloads\original\modskls15 skeleton\release\modelerview.obj
c:\users\bifen\downloads\original\modskls15 skeleton\release\modelerui.obj
c:\users\bifen\downloads\original\modskls15 skeleton\release\modelerdraw.obj
c:\users\bifen\downloads\original\modskls15 skeleton\release\modelerapp.obj
c:\users\bifen\downloads\original\modskls15 skeleton\release\meshmodel.obj
c:\users\bifen\downloads\original\modskls15 skeleton\release\mesh.obj
c:\users\bifen\downloads\original\modskls15 skeleton\release\camera.obj
c:\users\bifen\downloads\original\modskls15 skeleton\release\bitmap.obj
c:\users\bifen\downloads\original\modskls15 skeleton\release\plyloader.obj
c:\users\bifen\downloads\original\modskls15 skeleton\release\modeler.exe
c:\users\bifen\downloads\original\modskls15 skeleton\release\modeler.pdb
c:\users\bifen\downloads\original\modskls15 skeleton\.\release\modeler.exe
c:\users\bifen\downloads\original\modskls15 skeleton\release\modeler.tlog\cl.command.1.tlog
c:\users\bifen\downloads\original\modskls15 skeleton\release\modeler.tlog\cl.read.1.tlog
c:\users\bifen\downloads\original\modskls15 skeleton\release\modeler.tlog\cl.write.1.tlog
c:\users\bifen\downloads\original\modskls15 skeleton\release\modeler.tlog\link.command.1.tlog
c:\users\bifen\downloads\original\modskls15 skeleton\release\modeler.tlog\link.read.1.tlog
c:\users\bifen\downloads\original\modskls15 skeleton\release\modeler.tlog\link.write.1.tlog
